Using pre-set license
Built from '2020.3/staging' branch; Version is '2020.3.9f1 (108be757e447) revision 1084391'; Using compiler version '192528614'; Build Type 'Release'
OS: 'Windows 10 Home Single Language; OS build 19042.985; Version 2009; 64bit' Language: 'en' Physical Memory: 7987 MB
BatchMode: 1, IsHumanControllingUs: 0, StartBugReporterOnCrash: 0, Is64bit: 1, IsPro: 0

 COMMAND LINE ARGUMENTS:
C:\Users\LENOVO\Desktop\IIT KANPUR\STUDY MATERIAL\INTRO TO GAMEDEV\2020.3.9f1\Editor\Unity.exe
-adb2
-batchMode
-noUpm
-name
AssetImportWorker0
-projectPath
C:/Users/LENOVO/Desktop/IIT KANPUR/STUDY MATERIAL/INTRO TO GAMEDEV/Projects/3D Beginner
-logFile
Logs/AssetImportWorker0.log
-srvPort
61529
Successfully changed project path to: C:/Users/LENOVO/Desktop/IIT KANPUR/STUDY MATERIAL/INTRO TO GAMEDEV/Projects/3D Beginner
C:/Users/LENOVO/Desktop/IIT KANPUR/STUDY MATERIAL/INTRO TO GAMEDEV/Projects/3D Beginner
Using Asset Import Pipeline V2.
Refreshing native plugins compatible for Editor in 62.47 ms, found 0 plugins.
Preloading 0 native plugins for Editor in 0.00 ms.
Initialize engine version: 2020.3.9f1 (108be757e447)
[Subsystems] Discovering subsystems at path C:/Users/LENOVO/Desktop/IIT KANPUR/STUDY MATERIAL/INTRO TO GAMEDEV/2020.3.9f1/Editor/Data/Resources/UnitySubsystems
[Subsystems] Discovering subsystems at path C:/Users/LENOVO/Desktop/IIT KANPUR/STUDY MATERIAL/INTRO TO GAMEDEV/Projects/3D Beginner/Assets
GfxDevice: creating device client; threaded=0
Direct3D:
    Version:  Direct3D 11.0 [level 11.1]
    Renderer: Intel(R) UHD Graphics (ID=0x8a56)
    Vendor:   
    VRAM:     3993 MB
    Driver:   27.20.100.8729
Initialize mono
Mono path[0] = 'C:/Users/LENOVO/Desktop/IIT KANPUR/STUDY MATERIAL/INTRO TO GAMEDEV/2020.3.9f1/Editor/Data/Managed'
Mono path[1] = 'C:/Users/LENOVO/Desktop/IIT KANPUR/STUDY MATERIAL/INTRO TO GAMEDEV/2020.3.9f1/Editor/Data/MonoBleedingEdge/lib/mono/unityjit'
Mono config path = 'C:/Users/LENOVO/Desktop/IIT KANPUR/STUDY MATERIAL/INTRO TO GAMEDEV/2020.3.9f1/Editor/Data/MonoBleedingEdge/etc'
Using monoOptions --debugger-agent=transport=dt_socket,embedding=1,server=y,suspend=n,address=127.0.0.1:56996
Begin MonoManager ReloadAssembly
Registering precompiled unity dll's ...
Register platform support module: C:/Users/LENOVO/Desktop/IIT KANPUR/STUDY MATERIAL/INTRO TO GAMEDEV/2020.3.9f1/Editor/Data/PlaybackEngines/MacStandaloneSupport/UnityEditor.OSXStandalone.Extensions.dll
Register platform support module: C:/Users/LENOVO/Desktop/IIT KANPUR/STUDY MATERIAL/INTRO TO GAMEDEV/2020.3.9f1/Editor/Data/PlaybackEngines/WindowsStandaloneSupport/UnityEditor.WindowsStandalone.Extensions.dll
Registered in 0.113331 seconds.
Native extension for WindowsStandalone target not found
Native extension for OSXStandalone target not found
Refreshing native plugins compatible for Editor in 44.49 ms, found 0 plugins.
Preloading 0 native plugins for Editor in 0.00 ms.
Mono: successfully reloaded assembly
- Completed reload, in 17.329 seconds
Platform modules already initialized, skipping
Registering precompiled user dll's ...
Registered in 0.038390 seconds.
