Using pre-set license
Built from '2020.3/staging' branch; Version is '2020.3.9f1 (108be757e447) revision 1084391'; Using compiler version '192528614'; Build Type 'Release'
OS: 'Windows 10 Home Single Language; OS build 19042.985; Version 2009; 64bit' Language: 'en' Physical Memory: 7987 MB
BatchMode: 1, IsHumanControllingUs: 0, StartBugReporterOnCrash: 0, Is64bit: 1, IsPro: 0

 COMMAND LINE ARGUMENTS:
C:\Users\LENOVO\Desktop\IIT KANPUR\STUDY MATERIAL\INTRO TO GAMEDEV\2020.3.9f1\Editor\Unity.exe
-adb2
-batchMode
-noUpm
-name
AssetImportWorker1
-projectPath
C:/Users/LENOVO/Desktop/IIT KANPUR/STUDY MATERIAL/INTRO TO GAMEDEV/Projects/3D Beginner
-logFile
Logs/AssetImportWorker1.log
-srvPort
61529
Successfully changed project path to: C:/Users/LENOVO/Desktop/IIT KANPUR/STUDY MATERIAL/INTRO TO GAMEDEV/Projects/3D Beginner
C:/Users/LENOVO/Desktop/IIT KANPUR/STUDY MATERIAL/INTRO TO GAMEDEV/Projects/3D Beginner
Using Asset Import Pipeline V2.
Refreshing native plugins compatible for Editor in 49.49 ms, found 0 plugins.
Preloading 0 native plugins for Editor in 0.00 ms.
Initialize engine version: 2020.3.9f1 (108be757e447)
[Subsystems] Discovering subsystems at path C:/Users/LENOVO/Desktop/IIT KANPUR/STUDY MATERIAL/INTRO TO GAMEDEV/2020.3.9f1/Editor/Data/Resources/UnitySubsystems
[Subsystems] Discovering subsystems at path C:/Users/LENOVO/Desktop/IIT KANPUR/STUDY MATERIAL/INTRO TO GAMEDEV/Projects/3D Beginner/Assets
GfxDevice: creating device client; threaded=0
Direct3D:
    Version:  Direct3D 11.0 [level 11.1]
    Renderer: Intel(R) UHD Graphics (ID=0x8a56)
    Vendor:   
    VRAM:     3993 MB
    Driver:   27.20.100.8729
Initialize mono
Mono path[0] = 'C:/Users/LENOVO/Desktop/IIT KANPUR/STUDY MATERIAL/INTRO TO GAMEDEV/2020.3.9f1/Editor/Data/Managed'
Mono path[1] = 'C:/Users/LENOVO/Desktop/IIT KANPUR/STUDY MATERIAL/INTRO TO GAMEDEV/2020.3.9f1/Editor/Data/MonoBleedingEdge/lib/mono/unityjit'
Mono config path = 'C:/Users/LENOVO/Desktop/IIT KANPUR/STUDY MATERIAL/INTRO TO GAMEDEV/2020.3.9f1/Editor/Data/MonoBleedingEdge/etc'
Using monoOptions --debugger-agent=transport=dt_socket,embedding=1,server=y,suspend=n,address=127.0.0.1:56696
Begin MonoManager ReloadAssembly
Registering precompiled unity dll's ...
Register platform support module: C:/Users/LENOVO/Desktop/IIT KANPUR/STUDY MATERIAL/INTRO TO GAMEDEV/2020.3.9f1/Editor/Data/PlaybackEngines/MacStandaloneSupport/UnityEditor.OSXStandalone.Extensions.dll
Register platform support module: C:/Users/LENOVO/Desktop/IIT KANPUR/STUDY MATERIAL/INTRO TO GAMEDEV/2020.3.9f1/Editor/Data/PlaybackEngines/WindowsStandaloneSupport/UnityEditor.WindowsStandalone.Extensions.dll
Registered in 0.002562 seconds.
Native extension for WindowsStandalone target not found
Native extension for OSXStandalone target not found
Refreshing native plugins compatible for Editor in 46.71 ms, found 0 plugins.
Preloading 0 native plugins for Editor in 0.00 ms.
Mono: successfully reloaded assembly
- Completed reload, in  1.203 seconds
Platform modules already initialized, skipping
Registering precompiled user dll's ...
Registered in 0.003347 seconds.
Begin MonoManager ReloadAssembly
Native extension for WindowsStandalone target not found
Native extension for OSXStandalone target not found
Refreshing native plugins compatible for Editor in 0.59 ms, found 0 plugins.
Preloading 0 native plugins for Editor in 0.00 ms.
Mono: successfully reloaded assembly
- Completed reload, in  1.644 seconds
Platform modules already initialized, skipping
========================================================================
Worker process is ready to serve import requests
Launched and connected shader compiler UnityShaderCompiler.exe after 0.21 seconds
Refreshing native plugins compatible for Editor in 1.29 ms, found 0 plugins.
Preloading 0 native plugins for Editor in 0.00 ms.
Unloading 1626 Unused Serialized files (Serialized files now loaded: 0)
System memory in use before: 151.8 MB.
System memory in use after: 151.9 MB.

Unloading 36 unused Assets to reduce memory usage. Loaded Objects now: 2060.
Total: 2.241500 ms (FindLiveObjects: 0.148200 ms CreateObjectMapping: 0.045400 ms MarkObjects: 1.948500 ms  DeleteObjects: 0.098000 ms)

========================================================================
Received Import Request.
  path: Assets/Prefabs/Ghost.prefab
  artifactKey: Guid(824e7750265deeb44a0b497a8e384478) Importer(815301076,1909f56bfc062723c751e8b465ee728b)
Start importing Assets/Prefabs/Ghost.prefab using Guid(824e7750265deeb44a0b497a8e384478) Importer(815301076,1909f56bfc062723c751e8b465ee728b)  -> (artifact id: 'df9b81bcd921fddac3ce5f932b791898') in 9.686127 seconds
  Import took 9.750877 seconds .

========================================================================
Received Import Request.
  Time since last request: 0.000358 seconds.
  path: Assets/Prefabs/Gargoyle.prefab
  artifactKey: Guid(fc740156d508b6b4ea52f522fa004553) Importer(815301076,1909f56bfc062723c751e8b465ee728b)
Start importing Assets/Prefabs/Gargoyle.prefab using Guid(fc740156d508b6b4ea52f522fa004553) Importer(815301076,1909f56bfc062723c751e8b465ee728b)  -> (artifact id: '2a9d0beca9610c7f957929b9c464cb0f') in 8.343438 seconds
  Import took 8.392296 seconds .

========================================================================
Received Import Request.
  Time since last request: 136.767078 seconds.
  path: Assets/Animation/Animators/Ghost.controller
  artifactKey: Guid(5d4f4cb99be6a144ba8f9994f81d413f) Importer(815301076,1909f56bfc062723c751e8b465ee728b)
Start importing Assets/Animation/Animators/Ghost.controller using Guid(5d4f4cb99be6a144ba8f9994f81d413f) Importer(815301076,1909f56bfc062723c751e8b465ee728b)  -> (artifact id: 'c9fbd86f12f2ef736b91ab57b79d52d0') in 0.030347 seconds
  Import took 0.057560 seconds .

========================================================================
Received Import Request.
  Time since last request: 1.218419 seconds.
  path: Assets/Animation/Animators/JohnLemon.controller
  artifactKey: Guid(f932647628ca5e34d9c6698c79f58434) Importer(815301076,1909f56bfc062723c751e8b465ee728b)
Start importing Assets/Animation/Animators/JohnLemon.controller using Guid(f932647628ca5e34d9c6698c79f58434) Importer(815301076,1909f56bfc062723c751e8b465ee728b)  -> (artifact id: '315f0764ae3de4dd89107a70baa28d6c') in 0.086681 seconds
  Import took 0.112932 seconds .

========================================================================
Received Import Request.
  Time since last request: 631.186932 seconds.
  path: Assets/Prefabs/Ghost.prefab
  artifactKey: Guid(824e7750265deeb44a0b497a8e384478) Importer(815301076,1909f56bfc062723c751e8b465ee728b)
Start importing Assets/Prefabs/Ghost.prefab using Guid(824e7750265deeb44a0b497a8e384478) Importer(815301076,1909f56bfc062723c751e8b465ee728b)  -> (artifact id: '7f3fecf5c6a6e55e0d8ffacd46562fa6') in 0.046833 seconds
  Import took 0.071766 seconds .

========================================================================
Received Import Request.
  Time since last request: 64.751423 seconds.
  path: Assets/Prefabs/PointOfView.prefab
  artifactKey: Guid(6557d03536248e24e8acbda19ce34da6) Importer(815301076,1909f56bfc062723c751e8b465ee728b)
Start importing Assets/Prefabs/PointOfView.prefab using Guid(6557d03536248e24e8acbda19ce34da6) Importer(815301076,1909f56bfc062723c751e8b465ee728b)  -> (artifact id: '929ab1608d5d346e4a5f4da160101d5b') in 0.011966 seconds
  Import took 0.047706 seconds .

========================================================================
Received Import Request.
  Time since last request: 0.016807 seconds.
  path: Assets/Prefabs/PointOfView.prefab
  artifactKey: Guid(6557d03536248e24e8acbda19ce34da6) Importer(815301076,1909f56bfc062723c751e8b465ee728b)
Start importing Assets/Prefabs/PointOfView.prefab using Guid(6557d03536248e24e8acbda19ce34da6) Importer(815301076,1909f56bfc062723c751e8b465ee728b)  -> (artifact id: '929ab1608d5d346e4a5f4da160101d5b') in 0.006839 seconds
  Import took 0.011933 seconds .

========================================================================
Received Import Request.
  Time since last request: 3.377883 seconds.
  path: Assets/Prefabs/Gargoyle.prefab
  artifactKey: Guid(fc740156d508b6b4ea52f522fa004553) Importer(815301076,1909f56bfc062723c751e8b465ee728b)
Start importing Assets/Prefabs/Gargoyle.prefab using Guid(fc740156d508b6b4ea52f522fa004553) Importer(815301076,1909f56bfc062723c751e8b465ee728b)  -> (artifact id: 'cba10535b6185d1f23cec4d7823916f4') in 0.055694 seconds
  Import took 0.079782 seconds .

========================================================================
Received Import Request.
  Time since last request: 2075.245056 seconds.
  path: Assets/Scripts/WaypointPatrol.cs
  artifactKey: Guid(6b44080c638cb6a4d8f624ea457b7551) Importer(815301076,1909f56bfc062723c751e8b465ee728b)
Start importing Assets/Scripts/WaypointPatrol.cs using Guid(6b44080c638cb6a4d8f624ea457b7551) Importer(815301076,1909f56bfc062723c751e8b465ee728b)  -> (artifact id: 'b61a45b523427229b3b2a9f51ff765f0') in 0.397743 seconds
  Import took 0.454812 seconds .

========================================================================
Received Prepare
Registering precompiled user dll's ...
Registered in 0.061372 seconds.
Begin MonoManager ReloadAssembly
Native extension for WindowsStandalone target not found
Native extension for OSXStandalone target not found
Refreshing native plugins compatible for Editor in 0.68 ms, found 0 plugins.
Preloading 0 native plugins for Editor in 0.00 ms.
Mono: successfully reloaded assembly
- Completed reload, in  1.354 seconds
Platform modules already initialized, skipping
Refreshing native plugins compatible for Editor in 0.88 ms, found 0 plugins.
Preloading 0 native plugins for Editor in 0.00 ms.
Unloading 1589 Unused Serialized files (Serialized files now loaded: 0)
System memory in use before: 151.9 MB.
System memory in use after: 152.0 MB.

Unloading 27 unused Assets to reduce memory usage. Loaded Objects now: 2071.
Total: 2.182300 ms (FindLiveObjects: 0.228100 ms CreateObjectMapping: 0.084300 ms MarkObjects: 1.774300 ms  DeleteObjects: 0.093100 ms)

========================================================================
Received Prepare
Registering precompiled user dll's ...
Registered in 0.004141 seconds.
Begin MonoManager ReloadAssembly
Native extension for WindowsStandalone target not found
Native extension for OSXStandalone target not found
Refreshing native plugins compatible for Editor in 0.45 ms, found 0 plugins.
Preloading 0 native plugins for Editor in 0.00 ms.
Mono: successfully reloaded assembly
- Completed reload, in  0.925 seconds
Platform modules already initialized, skipping
Refreshing native plugins compatible for Editor in 0.57 ms, found 0 plugins.
Preloading 0 native plugins for Editor in 0.00 ms.
Unloading 1589 Unused Serialized files (Serialized files now loaded: 0)
System memory in use before: 151.9 MB.
System memory in use after: 152.0 MB.

Unloading 27 unused Assets to reduce memory usage. Loaded Objects now: 2074.
Total: 1.590500 ms (FindLiveObjects: 0.134300 ms CreateObjectMapping: 0.042500 ms MarkObjects: 1.350500 ms  DeleteObjects: 0.062000 ms)

========================================================================
Received Prepare
Registering precompiled user dll's ...
Registered in 0.003154 seconds.
Begin MonoManager ReloadAssembly
Native extension for WindowsStandalone target not found
Native extension for OSXStandalone target not found
Refreshing native plugins compatible for Editor in 0.46 ms, found 0 plugins.
Preloading 0 native plugins for Editor in 0.00 ms.
Mono: successfully reloaded assembly
- Completed reload, in  1.290 seconds
Platform modules already initialized, skipping
Refreshing native plugins compatible for Editor in 0.44 ms, found 0 plugins.
Preloading 0 native plugins for Editor in 0.00 ms.
Unloading 1589 Unused Serialized files (Serialized files now loaded: 0)
System memory in use before: 151.9 MB.
System memory in use after: 152.0 MB.

Unloading 27 unused Assets to reduce memory usage. Loaded Objects now: 2077.
Total: 1.887300 ms (FindLiveObjects: 0.194700 ms CreateObjectMapping: 0.060800 ms MarkObjects: 1.530400 ms  DeleteObjects: 0.099400 ms)

========================================================================
Received Prepare
Registering precompiled user dll's ...
Registered in 0.003700 seconds.
Begin MonoManager ReloadAssembly
Native extension for WindowsStandalone target not found
Native extension for OSXStandalone target not found
Refreshing native plugins compatible for Editor in 0.67 ms, found 0 plugins.
Preloading 0 native plugins for Editor in 0.00 ms.
Mono: successfully reloaded assembly
- Completed reload, in  1.165 seconds
Platform modules already initialized, skipping
Refreshing native plugins compatible for Editor in 0.45 ms, found 0 plugins.
Preloading 0 native plugins for Editor in 0.00 ms.
Unloading 1589 Unused Serialized files (Serialized files now loaded: 0)
System memory in use before: 151.9 MB.
System memory in use after: 152.0 MB.

Unloading 27 unused Assets to reduce memory usage. Loaded Objects now: 2080.
Total: 1.562300 ms (FindLiveObjects: 0.132100 ms CreateObjectMapping: 0.040900 ms MarkObjects: 1.279000 ms  DeleteObjects: 0.109300 ms)

========================================================================
Received Import Request.
  Time since last request: 3073.925750 seconds.
  path: Assets/Audio
  artifactKey: Guid(99292649337aea64a81aee4d4de15241) Importer(815301076,1909f56bfc062723c751e8b465ee728b)
Start importing Assets/Audio using Guid(99292649337aea64a81aee4d4de15241) Importer(815301076,1909f56bfc062723c751e8b465ee728b)  -> (artifact id: '040bfa636a4ad7c7dda93d28eba9a646') in 0.018749 seconds
  Import took 0.043490 seconds .

========================================================================
Received Import Request.
  Time since last request: 0.013310 seconds.
  path: Assets/Audio/SFXBuzzingLight.wav
  artifactKey: Guid(86e0f005f0b8e084698c2cf61bb6c2b6) Importer(815301076,1909f56bfc062723c751e8b465ee728b)
Start importing Assets/Audio/SFXBuzzingLight.wav using Guid(86e0f005f0b8e084698c2cf61bb6c2b6) Importer(815301076,1909f56bfc062723c751e8b465ee728b)  -> (artifact id: 'cc2a196d08be3da3a2798b3cc9eefb7b') in 2.441574 seconds
  Import took 2.445410 seconds .

========================================================================
Received Import Request.
  Time since last request: 0.000265 seconds.
  path: Assets/Audio/SFXHouseAmbience.wav
  artifactKey: Guid(205287722f2b6b64583b86d65fdeeb11) Importer(815301076,1909f56bfc062723c751e8b465ee728b)
Start importing Assets/Audio/SFXHouseAmbience.wav using Guid(205287722f2b6b64583b86d65fdeeb11) Importer(815301076,1909f56bfc062723c751e8b465ee728b)  -> (artifact id: '7f3a8a925d7a71b9bc42ea025479a422') in 0.078506 seconds
  Import took 0.081741 seconds .

========================================================================
Received Import Request.
  Time since last request: 0.000342 seconds.
  path: Assets/Audio/SFXWin.wav
  artifactKey: Guid(c0f716a9e9ac00c438b95158ba195a58) Importer(815301076,1909f56bfc062723c751e8b465ee728b)
Start importing Assets/Audio/SFXWin.wav using Guid(c0f716a9e9ac00c438b95158ba195a58) Importer(815301076,1909f56bfc062723c751e8b465ee728b)  -> (artifact id: '5f572dee999569d513928e7b9c07b44a') in 0.051921 seconds
  Import took 0.085644 seconds .

========================================================================
Received Import Request.
  Time since last request: 0.000461 seconds.
  path: Assets/Audio/SFXFootstepsLooping.wav
  artifactKey: Guid(07e520bb410492d47bf739846d70f2a3) Importer(815301076,1909f56bfc062723c751e8b465ee728b)
Start importing Assets/Audio/SFXFootstepsLooping.wav using Guid(07e520bb410492d47bf739846d70f2a3) Importer(815301076,1909f56bfc062723c751e8b465ee728b)  -> (artifact id: '0ece17c9d740f2e964392dd4b89379c1') in 0.068924 seconds
  Import took 0.096390 seconds .

========================================================================
Received Import Request.
  Time since last request: 0.000503 seconds.
  path: Assets/Audio/SFXGhostMove.wav
  artifactKey: Guid(98ea14dfdb9dce74a976520f134fd1a2) Importer(815301076,1909f56bfc062723c751e8b465ee728b)
Start importing Assets/Audio/SFXGhostMove.wav using Guid(98ea14dfdb9dce74a976520f134fd1a2) Importer(815301076,1909f56bfc062723c751e8b465ee728b)  -> (artifact id: '71c0e0de8b270ba11292c6f7e0f59056') in 0.029535 seconds
  Import took 0.044528 seconds .

========================================================================
Received Import Request.
  Time since last request: 0.000297 seconds.
  path: Assets/Audio/SFXGameOver.wav
  artifactKey: Guid(2789d5ce62baaba4ab1ee8bb172304a6) Importer(815301076,1909f56bfc062723c751e8b465ee728b)
Start importing Assets/Audio/SFXGameOver.wav using Guid(2789d5ce62baaba4ab1ee8bb172304a6) Importer(815301076,1909f56bfc062723c751e8b465ee728b)  -> (artifact id: 'f4bd5d107fad203529f78d83f4bd958c') in 0.048517 seconds
  Import took 0.067351 seconds .

========================================================================
Received Import Request.
  Time since last request: 0.000373 seconds.
  path: Assets/Audio/SFXCandle.wav
  artifactKey: Guid(dd7f55e125ee8f947b2f399e20aeec8c) Importer(815301076,1909f56bfc062723c751e8b465ee728b)
Start importing Assets/Audio/SFXCandle.wav using Guid(dd7f55e125ee8f947b2f399e20aeec8c) Importer(815301076,1909f56bfc062723c751e8b465ee728b)  -> (artifact id: '53f4778fbd02a9936aa7c057ff631451') in 0.049019 seconds
  Import took 0.070350 seconds .

========================================================================
Received Prepare
Registering precompiled user dll's ...
Registered in 0.005398 seconds.
Begin MonoManager ReloadAssembly
Native extension for WindowsStandalone target not found
Native extension for OSXStandalone target not found
Refreshing native plugins compatible for Editor in 0.49 ms, found 0 plugins.
Preloading 0 native plugins for Editor in 0.00 ms.
Mono: successfully reloaded assembly
- Completed reload, in  1.025 seconds
Platform modules already initialized, skipping
Refreshing native plugins compatible for Editor in 0.41 ms, found 0 plugins.
Preloading 0 native plugins for Editor in 0.00 ms.
Unloading 1589 Unused Serialized files (Serialized files now loaded: 0)
System memory in use before: 152.0 MB.
System memory in use after: 152.1 MB.

Unloading 27 unused Assets to reduce memory usage. Loaded Objects now: 2086.
Total: 1.957700 ms (FindLiveObjects: 0.251900 ms CreateObjectMapping: 0.058200 ms MarkObjects: 1.570500 ms  DeleteObjects: 0.075400 ms)

========================================================================
Received Prepare
Registering precompiled user dll's ...
Registered in 0.005922 seconds.
Begin MonoManager ReloadAssembly
Native extension for WindowsStandalone target not found
Native extension for OSXStandalone target not found
Refreshing native plugins compatible for Editor in 0.68 ms, found 0 plugins.
Preloading 0 native plugins for Editor in 0.00 ms.
Mono: successfully reloaded assembly
- Completed reload, in  1.284 seconds
Platform modules already initialized, skipping
Refreshing native plugins compatible for Editor in 0.45 ms, found 0 plugins.
Preloading 0 native plugins for Editor in 0.00 ms.
Unloading 1589 Unused Serialized files (Serialized files now loaded: 0)
System memory in use before: 152.0 MB.
System memory in use after: 152.1 MB.

Unloading 27 unused Assets to reduce memory usage. Loaded Objects now: 2089.
Total: 1.587600 ms (FindLiveObjects: 0.138500 ms CreateObjectMapping: 0.045300 ms MarkObjects: 1.338000 ms  DeleteObjects: 0.064500 ms)

========================================================================
Received Prepare
Refreshing native plugins compatible for Editor in 20.62 ms, found 0 plugins.
Preloading 0 native plugins for Editor in 0.00 ms.
Unloading 24 Unused Serialized files (Serialized files now loaded: 0)
System memory in use before: 120.4 MB.
System memory in use after: 120.5 MB.

Unloading 24 unused Assets to reduce memory usage. Loaded Objects now: 2089.
Total: 59.777700 ms (FindLiveObjects: 0.328700 ms CreateObjectMapping: 0.095600 ms MarkObjects: 59.177500 ms  DeleteObjects: 0.172600 ms)

========================================================================
Received Prepare
Registering precompiled user dll's ...
Registered in 0.021781 seconds.
Begin MonoManager ReloadAssembly
Native extension for WindowsStandalone target not found
Native extension for OSXStandalone target not found
Refreshing native plugins compatible for Editor in 0.50 ms, found 0 plugins.
Preloading 0 native plugins for Editor in 0.00 ms.
Mono: successfully reloaded assembly
- Completed reload, in  1.369 seconds
Platform modules already initialized, skipping
Refreshing native plugins compatible for Editor in 0.89 ms, found 0 plugins.
Preloading 0 native plugins for Editor in 0.00 ms.
Unloading 1589 Unused Serialized files (Serialized files now loaded: 0)
System memory in use before: 153.0 MB.
System memory in use after: 153.0 MB.

Unloading 27 unused Assets to reduce memory usage. Loaded Objects now: 2092.
Total: 2.241700 ms (FindLiveObjects: 0.156900 ms CreateObjectMapping: 0.048400 ms MarkObjects: 1.961500 ms  DeleteObjects: 0.073300 ms)

AssetImportWorkerClient::OnTransportError - code=2 error=End of file
