Using pre-set license
Built from '2020.3/staging' branch; Version is '2020.3.9f1 (108be757e447) revision 1084391'; Using compiler version '192528614'; Build Type 'Release'
OS: 'Windows 10 Home Single Language; OS build 19042.985; Version 2009; 64bit' Language: 'en' Physical Memory: 16169 MB
BatchMode: 1, IsHumanControllingUs: 0, StartBugReporterOnCrash: 0, Is64bit: 1, IsPro: 0

 COMMAND LINE ARGUMENTS:
C:\Program Files\Unity\2020.3.9f1\Editor\Unity.exe
-adb2
-batchMode
-noUpm
-name
AssetImportWorker0
-projectPath
C:/Users/abhip/OneDrive/Desktop/GAMEDEV/3d game#1
-logFile
Logs/AssetImportWorker0.log
-srvPort
65453
Successfully changed project path to: C:/Users/abhip/OneDrive/Desktop/GAMEDEV/3d game#1
C:/Users/abhip/OneDrive/Desktop/GAMEDEV/3d game#1
Using Asset Import Pipeline V2.
Refreshing native plugins compatible for Editor in 41.47 ms, found 0 plugins.
Preloading 0 native plugins for Editor in 0.00 ms.
Initialize engine version: 2020.3.9f1 (108be757e447)
[Subsystems] Discovering subsystems at path C:/Program Files/Unity/2020.3.9f1/Editor/Data/Resources/UnitySubsystems
[Subsystems] Discovering subsystems at path C:/Users/abhip/OneDrive/Desktop/GAMEDEV/3d game#1/Assets
GfxDevice: creating device client; threaded=0
Direct3D:
    Version:  Direct3D 11.0 [level 11.1]
    Renderer: NVIDIA GeForce GTX 1660 Ti (ID=0x2191)
    Vendor:   
    VRAM:     5991 MB
    Driver:   27.21.14.6647
Initialize mono
Mono path[0] = 'C:/Program Files/Unity/2020.3.9f1/Editor/Data/Managed'
Mono path[1] = 'C:/Program Files/Unity/2020.3.9f1/Editor/Data/MonoBleedingEdge/lib/mono/unityjit'
Mono config path = 'C:/Program Files/Unity/2020.3.9f1/Editor/Data/MonoBleedingEdge/etc'
Using monoOptions --debugger-agent=transport=dt_socket,embedding=1,server=y,suspend=n,address=127.0.0.1:56012
Begin MonoManager ReloadAssembly
Registering precompiled unity dll's ...
Register platform support module: C:/Program Files/Unity/2020.3.9f1/Editor/Data/PlaybackEngines/WindowsStandaloneSupport/UnityEditor.WindowsStandalone.Extensions.dll
Registered in 0.001821 seconds.
Native extension for WindowsStandalone target not found
Refreshing native plugins compatible for Editor in 35.17 ms, found 0 plugins.
Preloading 0 native plugins for Editor in 0.00 ms.
Mono: successfully reloaded assembly
- Completed reload, in  1.556 seconds
Platform modules already initialized, skipping
Registering precompiled user dll's ...
Registered in 0.003061 seconds.
Begin MonoManager ReloadAssembly
Native extension for WindowsStandalone target not found
Refreshing native plugins compatible for Editor in 0.41 ms, found 0 plugins.
Preloading 0 native plugins for Editor in 0.00 ms.
Mono: successfully reloaded assembly
- Completed reload, in  0.761 seconds
Platform modules already initialized, skipping
========================================================================
Worker process is ready to serve import requests
Launched and connected shader compiler UnityShaderCompiler.exe after 0.04 seconds
Refreshing native plugins compatible for Editor in 0.39 ms, found 0 plugins.
Preloading 0 native plugins for Editor in 0.00 ms.
Unloading 1630 Unused Serialized files (Serialized files now loaded: 0)
System memory in use before: 153.2 MB.
System memory in use after: 153.3 MB.

Unloading 36 unused Assets to reduce memory usage. Loaded Objects now: 2067.
Total: 1.559400 ms (FindLiveObjects: 0.144100 ms CreateObjectMapping: 0.055500 ms MarkObjects: 1.291600 ms  DeleteObjects: 0.067600 ms)

========================================================================
Received Import Request.
  path: Assets/Models/Collectibles/sanity pill.blend
  artifactKey: Guid(ccc0d97bd560db648a4da6d24b522a70) Importer(815301076,1909f56bfc062723c751e8b465ee728b)
Start importing Assets/Models/Collectibles/sanity pill.blend using Guid(ccc0d97bd560db648a4da6d24b522a70) Importer(815301076,1909f56bfc062723c751e8b465ee728b)  -> (artifact id: '17869bfad312061f9ccd61b23f3fc20d') in 0.159855 seconds
  Import took 0.162108 seconds .

========================================================================
Received Import Request.
  Time since last request: 30.598126 seconds.
  path: Assets/Animation/Animators/pill.controller
  artifactKey: Guid(648b3804198ea6c4991f811499649e04) Importer(815301076,1909f56bfc062723c751e8b465ee728b)
Start importing Assets/Animation/Animators/pill.controller using Guid(648b3804198ea6c4991f811499649e04) Importer(815301076,1909f56bfc062723c751e8b465ee728b)  -> (artifact id: '9f3350b0531066e9f005e6a2b38e81c1') in 0.012405 seconds
  Import took 0.015193 seconds .

========================================================================
Received Prepare
Registering precompiled user dll's ...
Registered in 0.003713 seconds.
Begin MonoManager ReloadAssembly
Native extension for WindowsStandalone target not found
Refreshing native plugins compatible for Editor in 0.57 ms, found 0 plugins.
Preloading 0 native plugins for Editor in 0.00 ms.
Mono: successfully reloaded assembly
- Completed reload, in  0.698 seconds
Platform modules already initialized, skipping
Refreshing native plugins compatible for Editor in 0.43 ms, found 0 plugins.
Preloading 0 native plugins for Editor in 0.00 ms.
Unloading 1592 Unused Serialized files (Serialized files now loaded: 0)
System memory in use before: 153.5 MB.
System memory in use after: 153.6 MB.

Unloading 27 unused Assets to reduce memory usage. Loaded Objects now: 2113.
Total: 1.551000 ms (FindLiveObjects: 0.150100 ms CreateObjectMapping: 0.061300 ms MarkObjects: 1.290300 ms  DeleteObjects: 0.048400 ms)

========================================================================
Received Prepare
Registering precompiled user dll's ...
Registered in 0.003013 seconds.
Begin MonoManager ReloadAssembly
Native extension for WindowsStandalone target not found
Refreshing native plugins compatible for Editor in 0.40 ms, found 0 plugins.
Preloading 0 native plugins for Editor in 0.00 ms.
Mono: successfully reloaded assembly
- Completed reload, in  0.757 seconds
Platform modules already initialized, skipping
Refreshing native plugins compatible for Editor in 0.41 ms, found 0 plugins.
Preloading 0 native plugins for Editor in 0.00 ms.
Unloading 1592 Unused Serialized files (Serialized files now loaded: 0)
System memory in use before: 153.6 MB.
System memory in use after: 153.6 MB.

Unloading 27 unused Assets to reduce memory usage. Loaded Objects now: 2116.
Total: 1.498200 ms (FindLiveObjects: 0.136900 ms CreateObjectMapping: 0.049900 ms MarkObjects: 1.225400 ms  DeleteObjects: 0.085500 ms)

========================================================================
Received Prepare
Registering precompiled user dll's ...
Registered in 0.002975 seconds.
Begin MonoManager ReloadAssembly
Native extension for WindowsStandalone target not found
Refreshing native plugins compatible for Editor in 0.40 ms, found 0 plugins.
Preloading 0 native plugins for Editor in 0.00 ms.
Mono: successfully reloaded assembly
- Completed reload, in  0.711 seconds
Platform modules already initialized, skipping
Refreshing native plugins compatible for Editor in 0.42 ms, found 0 plugins.
Preloading 0 native plugins for Editor in 0.00 ms.
Unloading 1592 Unused Serialized files (Serialized files now loaded: 0)
System memory in use before: 153.6 MB.
System memory in use after: 153.7 MB.

Unloading 27 unused Assets to reduce memory usage. Loaded Objects now: 2119.
Total: 1.625400 ms (FindLiveObjects: 0.200000 ms CreateObjectMapping: 0.067600 ms MarkObjects: 1.310700 ms  DeleteObjects: 0.046500 ms)

========================================================================
Received Prepare
Registering precompiled user dll's ...
Registered in 0.003025 seconds.
Begin MonoManager ReloadAssembly
Native extension for WindowsStandalone target not found
Refreshing native plugins compatible for Editor in 0.41 ms, found 0 plugins.
Preloading 0 native plugins for Editor in 0.00 ms.
Mono: successfully reloaded assembly
- Completed reload, in  0.731 seconds
Platform modules already initialized, skipping
Refreshing native plugins compatible for Editor in 0.43 ms, found 0 plugins.
Preloading 0 native plugins for Editor in 0.00 ms.
Unloading 1592 Unused Serialized files (Serialized files now loaded: 0)
System memory in use before: 153.6 MB.
System memory in use after: 153.7 MB.

Unloading 27 unused Assets to reduce memory usage. Loaded Objects now: 2122.
Total: 1.490800 ms (FindLiveObjects: 0.135900 ms CreateObjectMapping: 0.050700 ms MarkObjects: 1.257300 ms  DeleteObjects: 0.046400 ms)

========================================================================
Received Prepare
Registering precompiled user dll's ...
Registered in 0.003918 seconds.
Begin MonoManager ReloadAssembly
Native extension for WindowsStandalone target not found
Refreshing native plugins compatible for Editor in 0.40 ms, found 0 plugins.
Preloading 0 native plugins for Editor in 0.00 ms.
Mono: successfully reloaded assembly
- Completed reload, in  0.704 seconds
Platform modules already initialized, skipping
Refreshing native plugins compatible for Editor in 0.41 ms, found 0 plugins.
Preloading 0 native plugins for Editor in 0.00 ms.
Unloading 1592 Unused Serialized files (Serialized files now loaded: 0)
System memory in use before: 153.6 MB.
System memory in use after: 153.7 MB.

Unloading 27 unused Assets to reduce memory usage. Loaded Objects now: 2125.
Total: 1.444900 ms (FindLiveObjects: 0.144300 ms CreateObjectMapping: 0.050700 ms MarkObjects: 1.200200 ms  DeleteObjects: 0.048700 ms)

========================================================================
Received Prepare
Registering precompiled user dll's ...
Registered in 0.002867 seconds.
Begin MonoManager ReloadAssembly
Native extension for WindowsStandalone target not found
Refreshing native plugins compatible for Editor in 0.40 ms, found 0 plugins.
Preloading 0 native plugins for Editor in 0.00 ms.
Mono: successfully reloaded assembly
- Completed reload, in  0.663 seconds
Platform modules already initialized, skipping
Refreshing native plugins compatible for Editor in 0.41 ms, found 0 plugins.
Preloading 0 native plugins for Editor in 0.00 ms.
Unloading 1592 Unused Serialized files (Serialized files now loaded: 0)
System memory in use before: 153.6 MB.
System memory in use after: 153.7 MB.

Unloading 27 unused Assets to reduce memory usage. Loaded Objects now: 2128.
Total: 1.609400 ms (FindLiveObjects: 0.130500 ms CreateObjectMapping: 0.049000 ms MarkObjects: 1.346400 ms  DeleteObjects: 0.082700 ms)

========================================================================
Received Prepare
Registering precompiled user dll's ...
Registered in 0.002790 seconds.
Begin MonoManager ReloadAssembly
Native extension for WindowsStandalone target not found
Refreshing native plugins compatible for Editor in 0.39 ms, found 0 plugins.
Preloading 0 native plugins for Editor in 0.00 ms.
Mono: successfully reloaded assembly
- Completed reload, in  0.717 seconds
Platform modules already initialized, skipping
Refreshing native plugins compatible for Editor in 0.43 ms, found 0 plugins.
Preloading 0 native plugins for Editor in 0.00 ms.
Unloading 1592 Unused Serialized files (Serialized files now loaded: 0)
System memory in use before: 153.6 MB.
System memory in use after: 153.7 MB.

Unloading 27 unused Assets to reduce memory usage. Loaded Objects now: 2131.
Total: 1.624400 ms (FindLiveObjects: 0.146800 ms CreateObjectMapping: 0.060300 ms MarkObjects: 1.368400 ms  DeleteObjects: 0.048200 ms)

========================================================================
Received Prepare
Registering precompiled user dll's ...
Registered in 0.003093 seconds.
Begin MonoManager ReloadAssembly
Native extension for WindowsStandalone target not found
Refreshing native plugins compatible for Editor in 0.41 ms, found 0 plugins.
Preloading 0 native plugins for Editor in 0.00 ms.
Mono: successfully reloaded assembly
- Completed reload, in  0.714 seconds
Platform modules already initialized, skipping
Refreshing native plugins compatible for Editor in 0.41 ms, found 0 plugins.
Preloading 0 native plugins for Editor in 0.00 ms.
Unloading 1592 Unused Serialized files (Serialized files now loaded: 0)
System memory in use before: 153.6 MB.
System memory in use after: 153.7 MB.

Unloading 27 unused Assets to reduce memory usage. Loaded Objects now: 2134.
Total: 1.551300 ms (FindLiveObjects: 0.135900 ms CreateObjectMapping: 0.050100 ms MarkObjects: 1.272500 ms  DeleteObjects: 0.092100 ms)

========================================================================
Received Prepare
Registering precompiled user dll's ...
Registered in 0.002930 seconds.
Begin MonoManager ReloadAssembly
Native extension for WindowsStandalone target not found
Refreshing native plugins compatible for Editor in 0.40 ms, found 0 plugins.
Preloading 0 native plugins for Editor in 0.00 ms.
Mono: successfully reloaded assembly
- Completed reload, in  0.704 seconds
Platform modules already initialized, skipping
Refreshing native plugins compatible for Editor in 0.41 ms, found 0 plugins.
Preloading 0 native plugins for Editor in 0.00 ms.
Unloading 1592 Unused Serialized files (Serialized files now loaded: 0)
System memory in use before: 153.6 MB.
System memory in use after: 153.7 MB.

Unloading 27 unused Assets to reduce memory usage. Loaded Objects now: 2137.
Total: 1.449900 ms (FindLiveObjects: 0.138600 ms CreateObjectMapping: 0.054200 ms MarkObjects: 1.209700 ms  DeleteObjects: 0.046900 ms)

========================================================================
Received Prepare
Registering precompiled user dll's ...
Registered in 0.003285 seconds.
Begin MonoManager ReloadAssembly
Native extension for WindowsStandalone target not found
Refreshing native plugins compatible for Editor in 0.40 ms, found 0 plugins.
Preloading 0 native plugins for Editor in 0.00 ms.
Mono: successfully reloaded assembly
- Completed reload, in  0.700 seconds
Platform modules already initialized, skipping
Refreshing native plugins compatible for Editor in 0.41 ms, found 0 plugins.
Preloading 0 native plugins for Editor in 0.00 ms.
Unloading 1592 Unused Serialized files (Serialized files now loaded: 0)
System memory in use before: 153.6 MB.
System memory in use after: 153.7 MB.

Unloading 27 unused Assets to reduce memory usage. Loaded Objects now: 2140.
Total: 1.496000 ms (FindLiveObjects: 0.161700 ms CreateObjectMapping: 0.060700 ms MarkObjects: 1.227900 ms  DeleteObjects: 0.044900 ms)

========================================================================
Received Prepare
Registering precompiled user dll's ...
Registered in 0.003319 seconds.
Begin MonoManager ReloadAssembly
Native extension for WindowsStandalone target not found
Refreshing native plugins compatible for Editor in 0.40 ms, found 0 plugins.
Preloading 0 native plugins for Editor in 0.00 ms.
Mono: successfully reloaded assembly
- Completed reload, in  0.725 seconds
Platform modules already initialized, skipping
Refreshing native plugins compatible for Editor in 0.41 ms, found 0 plugins.
Preloading 0 native plugins for Editor in 0.00 ms.
Unloading 1592 Unused Serialized files (Serialized files now loaded: 0)
System memory in use before: 153.6 MB.
System memory in use after: 153.7 MB.

Unloading 27 unused Assets to reduce memory usage. Loaded Objects now: 2143.
Total: 1.559100 ms (FindLiveObjects: 0.140000 ms CreateObjectMapping: 0.054400 ms MarkObjects: 1.316700 ms  DeleteObjects: 0.047400 ms)

========================================================================
Received Prepare
Registering precompiled user dll's ...
Registered in 0.003039 seconds.
Begin MonoManager ReloadAssembly
Native extension for WindowsStandalone target not found
Refreshing native plugins compatible for Editor in 0.49 ms, found 0 plugins.
Preloading 0 native plugins for Editor in 0.00 ms.
Mono: successfully reloaded assembly
- Completed reload, in  0.711 seconds
Platform modules already initialized, skipping
Refreshing native plugins compatible for Editor in 0.42 ms, found 0 plugins.
Preloading 0 native plugins for Editor in 0.00 ms.
Unloading 1592 Unused Serialized files (Serialized files now loaded: 0)
System memory in use before: 153.6 MB.
System memory in use after: 153.7 MB.

Unloading 27 unused Assets to reduce memory usage. Loaded Objects now: 2146.
Total: 1.513500 ms (FindLiveObjects: 0.146600 ms CreateObjectMapping: 0.052900 ms MarkObjects: 1.233200 ms  DeleteObjects: 0.080300 ms)

========================================================================
Received Prepare
Registering precompiled user dll's ...
Registered in 0.003592 seconds.
Begin MonoManager ReloadAssembly
Native extension for WindowsStandalone target not found
Refreshing native plugins compatible for Editor in 0.40 ms, found 0 plugins.
Preloading 0 native plugins for Editor in 0.00 ms.
Mono: successfully reloaded assembly
- Completed reload, in  0.697 seconds
Platform modules already initialized, skipping
Refreshing native plugins compatible for Editor in 0.42 ms, found 0 plugins.
Preloading 0 native plugins for Editor in 0.00 ms.
Unloading 1592 Unused Serialized files (Serialized files now loaded: 0)
System memory in use before: 153.6 MB.
System memory in use after: 153.7 MB.

Unloading 27 unused Assets to reduce memory usage. Loaded Objects now: 2149.
Total: 1.555900 ms (FindLiveObjects: 0.140100 ms CreateObjectMapping: 0.055300 ms MarkObjects: 1.312600 ms  DeleteObjects: 0.047200 ms)

========================================================================
Received Prepare
Registering precompiled user dll's ...
Registered in 0.003213 seconds.
Begin MonoManager ReloadAssembly
Native extension for WindowsStandalone target not found
Refreshing native plugins compatible for Editor in 0.40 ms, found 0 plugins.
Preloading 0 native plugins for Editor in 0.00 ms.
Mono: successfully reloaded assembly
- Completed reload, in  0.677 seconds
Platform modules already initialized, skipping
Refreshing native plugins compatible for Editor in 0.44 ms, found 0 plugins.
Preloading 0 native plugins for Editor in 0.00 ms.
Unloading 1592 Unused Serialized files (Serialized files now loaded: 0)
System memory in use before: 153.7 MB.
System memory in use after: 153.7 MB.

Unloading 27 unused Assets to reduce memory usage. Loaded Objects now: 2152.
Total: 1.636900 ms (FindLiveObjects: 0.161400 ms CreateObjectMapping: 0.053900 ms MarkObjects: 1.302500 ms  DeleteObjects: 0.118400 ms)

========================================================================
Received Prepare
Registering precompiled user dll's ...
Registered in 0.003043 seconds.
Begin MonoManager ReloadAssembly
Native extension for WindowsStandalone target not found
Refreshing native plugins compatible for Editor in 0.41 ms, found 0 plugins.
Preloading 0 native plugins for Editor in 0.00 ms.
Mono: successfully reloaded assembly
- Completed reload, in  0.721 seconds
Platform modules already initialized, skipping
Refreshing native plugins compatible for Editor in 0.42 ms, found 0 plugins.
Preloading 0 native plugins for Editor in 0.00 ms.
Unloading 1592 Unused Serialized files (Serialized files now loaded: 0)
System memory in use before: 153.7 MB.
System memory in use after: 153.8 MB.

Unloading 27 unused Assets to reduce memory usage. Loaded Objects now: 2155.
Total: 3.184100 ms (FindLiveObjects: 0.170300 ms CreateObjectMapping: 0.053100 ms MarkObjects: 2.867900 ms  DeleteObjects: 0.091600 ms)

========================================================================
Received Prepare
Registering precompiled user dll's ...
Registered in 0.003010 seconds.
Begin MonoManager ReloadAssembly
Native extension for WindowsStandalone target not found
Refreshing native plugins compatible for Editor in 0.40 ms, found 0 plugins.
Preloading 0 native plugins for Editor in 0.00 ms.
Mono: successfully reloaded assembly
- Completed reload, in  0.690 seconds
Platform modules already initialized, skipping
Refreshing native plugins compatible for Editor in 0.42 ms, found 0 plugins.
Preloading 0 native plugins for Editor in 0.00 ms.
Unloading 1592 Unused Serialized files (Serialized files now loaded: 0)
System memory in use before: 153.7 MB.
System memory in use after: 153.8 MB.

Unloading 27 unused Assets to reduce memory usage. Loaded Objects now: 2158.
Total: 1.596300 ms (FindLiveObjects: 0.155600 ms CreateObjectMapping: 0.064800 ms MarkObjects: 1.326900 ms  DeleteObjects: 0.048300 ms)

========================================================================
Received Prepare
Registering precompiled user dll's ...
Registered in 0.003072 seconds.
Begin MonoManager ReloadAssembly
Native extension for WindowsStandalone target not found
Refreshing native plugins compatible for Editor in 0.92 ms, found 0 plugins.
Preloading 0 native plugins for Editor in 0.00 ms.
Mono: successfully reloaded assembly
- Completed reload, in  0.701 seconds
Platform modules already initialized, skipping
Refreshing native plugins compatible for Editor in 0.45 ms, found 0 plugins.
Preloading 0 native plugins for Editor in 0.00 ms.
Unloading 1592 Unused Serialized files (Serialized files now loaded: 0)
System memory in use before: 153.7 MB.
System memory in use after: 153.8 MB.

Unloading 27 unused Assets to reduce memory usage. Loaded Objects now: 2161.
Total: 1.947000 ms (FindLiveObjects: 0.147500 ms CreateObjectMapping: 0.053600 ms MarkObjects: 1.675300 ms  DeleteObjects: 0.069800 ms)

========================================================================
Received Prepare
Registering precompiled user dll's ...
Registered in 0.003065 seconds.
Begin MonoManager ReloadAssembly
Native extension for WindowsStandalone target not found
Refreshing native plugins compatible for Editor in 0.40 ms, found 0 plugins.
Preloading 0 native plugins for Editor in 0.00 ms.
Mono: successfully reloaded assembly
- Completed reload, in  0.694 seconds
Platform modules already initialized, skipping
Refreshing native plugins compatible for Editor in 0.41 ms, found 0 plugins.
Preloading 0 native plugins for Editor in 0.00 ms.
Unloading 1592 Unused Serialized files (Serialized files now loaded: 0)
System memory in use before: 153.7 MB.
System memory in use after: 153.8 MB.

Unloading 27 unused Assets to reduce memory usage. Loaded Objects now: 2164.
Total: 1.636100 ms (FindLiveObjects: 0.137000 ms CreateObjectMapping: 0.048500 ms MarkObjects: 1.365400 ms  DeleteObjects: 0.084400 ms)

========================================================================
Received Prepare
Registering precompiled user dll's ...
Registered in 0.003266 seconds.
Begin MonoManager ReloadAssembly
Native extension for WindowsStandalone target not found
Refreshing native plugins compatible for Editor in 0.40 ms, found 0 plugins.
Preloading 0 native plugins for Editor in 0.00 ms.
Mono: successfully reloaded assembly
- Completed reload, in  0.687 seconds
Platform modules already initialized, skipping
Refreshing native plugins compatible for Editor in 0.42 ms, found 0 plugins.
Preloading 0 native plugins for Editor in 0.00 ms.
Unloading 1592 Unused Serialized files (Serialized files now loaded: 0)
System memory in use before: 153.7 MB.
System memory in use after: 153.8 MB.

Unloading 27 unused Assets to reduce memory usage. Loaded Objects now: 2167.
Total: 1.465000 ms (FindLiveObjects: 0.137000 ms CreateObjectMapping: 0.051700 ms MarkObjects: 1.229100 ms  DeleteObjects: 0.046600 ms)

========================================================================
Received Prepare
Registering precompiled user dll's ...
Registered in 0.003154 seconds.
Begin MonoManager ReloadAssembly
Native extension for WindowsStandalone target not found
Refreshing native plugins compatible for Editor in 0.39 ms, found 0 plugins.
Preloading 0 native plugins for Editor in 0.00 ms.
Mono: successfully reloaded assembly
- Completed reload, in  0.710 seconds
Platform modules already initialized, skipping
Refreshing native plugins compatible for Editor in 0.42 ms, found 0 plugins.
Preloading 0 native plugins for Editor in 0.00 ms.
Unloading 1592 Unused Serialized files (Serialized files now loaded: 0)
System memory in use before: 153.7 MB.
System memory in use after: 153.8 MB.

Unloading 27 unused Assets to reduce memory usage. Loaded Objects now: 2170.
Total: 1.544200 ms (FindLiveObjects: 0.145600 ms CreateObjectMapping: 0.051800 ms MarkObjects: 1.280300 ms  DeleteObjects: 0.065700 ms)

========================================================================
Received Import Request.
  Time since last request: 2559.899521 seconds.
  path: Assets/Prefabs/sanity pill.prefab
  artifactKey: Guid(4902e95b5a096f04caedc648581e3da0) Importer(815301076,1909f56bfc062723c751e8b465ee728b)
Start importing Assets/Prefabs/sanity pill.prefab using Guid(4902e95b5a096f04caedc648581e3da0) Importer(815301076,1909f56bfc062723c751e8b465ee728b)  -> (artifact id: 'c53874d84b9be250001bdff4f40eea10') in 0.275048 seconds
  Import took 0.277930 seconds .

========================================================================
Received Prepare
Registering precompiled user dll's ...
Registered in 0.003264 seconds.
Begin MonoManager ReloadAssembly
Native extension for WindowsStandalone target not found
Refreshing native plugins compatible for Editor in 0.53 ms, found 0 plugins.
Preloading 0 native plugins for Editor in 0.00 ms.
Mono: successfully reloaded assembly
- Completed reload, in  0.725 seconds
Platform modules already initialized, skipping
Refreshing native plugins compatible for Editor in 0.43 ms, found 0 plugins.
Preloading 0 native plugins for Editor in 0.00 ms.
Unloading 1592 Unused Serialized files (Serialized files now loaded: 0)
System memory in use before: 153.7 MB.
System memory in use after: 153.8 MB.

Unloading 27 unused Assets to reduce memory usage. Loaded Objects now: 2174.
Total: 1.717900 ms (FindLiveObjects: 0.140300 ms CreateObjectMapping: 0.050400 ms MarkObjects: 1.458400 ms  DeleteObjects: 0.068000 ms)

========================================================================
Received Prepare
Registering precompiled user dll's ...
Registered in 0.002832 seconds.
Begin MonoManager ReloadAssembly
Native extension for WindowsStandalone target not found
Refreshing native plugins compatible for Editor in 0.40 ms, found 0 plugins.
Preloading 0 native plugins for Editor in 0.00 ms.
Mono: successfully reloaded assembly
- Completed reload, in  0.705 seconds
Platform modules already initialized, skipping
Refreshing native plugins compatible for Editor in 0.44 ms, found 0 plugins.
Preloading 0 native plugins for Editor in 0.00 ms.
Unloading 1592 Unused Serialized files (Serialized files now loaded: 0)
System memory in use before: 153.7 MB.
System memory in use after: 153.8 MB.

Unloading 27 unused Assets to reduce memory usage. Loaded Objects now: 2177.
Total: 1.571900 ms (FindLiveObjects: 0.149000 ms CreateObjectMapping: 0.054400 ms MarkObjects: 1.318300 ms  DeleteObjects: 0.049300 ms)

========================================================================
Received Prepare
Registering precompiled user dll's ...
Registered in 0.003229 seconds.
Begin MonoManager ReloadAssembly
Native extension for WindowsStandalone target not found
Refreshing native plugins compatible for Editor in 0.39 ms, found 0 plugins.
Preloading 0 native plugins for Editor in 0.00 ms.
Mono: successfully reloaded assembly
- Completed reload, in  0.707 seconds
Platform modules already initialized, skipping
Refreshing native plugins compatible for Editor in 0.46 ms, found 0 plugins.
Preloading 0 native plugins for Editor in 0.00 ms.
Unloading 1592 Unused Serialized files (Serialized files now loaded: 0)
System memory in use before: 153.7 MB.
System memory in use after: 153.8 MB.

Unloading 27 unused Assets to reduce memory usage. Loaded Objects now: 2180.
Total: 1.775000 ms (FindLiveObjects: 0.159900 ms CreateObjectMapping: 0.069300 ms MarkObjects: 1.480900 ms  DeleteObjects: 0.064000 ms)

========================================================================
Received Prepare
Registering precompiled user dll's ...
Registered in 0.002868 seconds.
Begin MonoManager ReloadAssembly
Native extension for WindowsStandalone target not found
Refreshing native plugins compatible for Editor in 0.40 ms, found 0 plugins.
Preloading 0 native plugins for Editor in 0.00 ms.
Mono: successfully reloaded assembly
- Completed reload, in  0.705 seconds
Platform modules already initialized, skipping
Refreshing native plugins compatible for Editor in 0.42 ms, found 0 plugins.
Preloading 0 native plugins for Editor in 0.00 ms.
Unloading 1592 Unused Serialized files (Serialized files now loaded: 0)
System memory in use before: 153.7 MB.
System memory in use after: 153.8 MB.

Unloading 27 unused Assets to reduce memory usage. Loaded Objects now: 2183.
Total: 1.592700 ms (FindLiveObjects: 0.158100 ms CreateObjectMapping: 0.063400 ms MarkObjects: 1.310900 ms  DeleteObjects: 0.059600 ms)

========================================================================
Received Prepare
Registering precompiled user dll's ...
Registered in 0.004283 seconds.
Begin MonoManager ReloadAssembly
Native extension for WindowsStandalone target not found
Refreshing native plugins compatible for Editor in 0.41 ms, found 0 plugins.
Preloading 0 native plugins for Editor in 0.00 ms.
Mono: successfully reloaded assembly
- Completed reload, in  0.749 seconds
Platform modules already initialized, skipping
Refreshing native plugins compatible for Editor in 0.41 ms, found 0 plugins.
Preloading 0 native plugins for Editor in 0.00 ms.
Unloading 1592 Unused Serialized files (Serialized files now loaded: 0)
System memory in use before: 153.7 MB.
System memory in use after: 153.8 MB.

Unloading 27 unused Assets to reduce memory usage. Loaded Objects now: 2186.
Total: 1.589700 ms (FindLiveObjects: 0.155100 ms CreateObjectMapping: 0.052300 ms MarkObjects: 1.302900 ms  DeleteObjects: 0.078800 ms)

========================================================================
Received Import Request.
  Time since last request: 1253.816726 seconds.
  path: Assets/Prefabs/Ghost.prefab
  artifactKey: Guid(87bc8ca8a1b42ff4fb1c02996777c1ce) Importer(815301076,1909f56bfc062723c751e8b465ee728b)
Start importing Assets/Prefabs/Ghost.prefab using Guid(87bc8ca8a1b42ff4fb1c02996777c1ce) Importer(815301076,1909f56bfc062723c751e8b465ee728b)  -> (artifact id: 'ecdaa0423a1752b856e3846c5f35ce3c') in 0.122896 seconds
  Import took 0.126309 seconds .

========================================================================
Received Import Request.
  Time since last request: 44.385404 seconds.
  path: Assets/Prefabs/Gargoyle.prefab
  artifactKey: Guid(33c39448a7f95fe46b6e85da51f30162) Importer(815301076,1909f56bfc062723c751e8b465ee728b)
Start importing Assets/Prefabs/Gargoyle.prefab using Guid(33c39448a7f95fe46b6e85da51f30162) Importer(815301076,1909f56bfc062723c751e8b465ee728b)  -> (artifact id: '4e5d130316fdc42af76ebe7e56a92f75') in 0.022229 seconds
  Import took 0.025619 seconds .

========================================================================
Received Import Request.
  Time since last request: 96.075650 seconds.
  path: Assets/Prefabs/Gargoyle.prefab
  artifactKey: Guid(33c39448a7f95fe46b6e85da51f30162) Importer(815301076,1909f56bfc062723c751e8b465ee728b)
Start importing Assets/Prefabs/Gargoyle.prefab using Guid(33c39448a7f95fe46b6e85da51f30162) Importer(815301076,1909f56bfc062723c751e8b465ee728b)  -> (artifact id: '37e21153bc2fdbc06bc6f4b350239e5a') in 0.019869 seconds
  Import took 0.022943 seconds .

========================================================================
Received Prepare
Registering precompiled user dll's ...
Registered in 0.004684 seconds.
Begin MonoManager ReloadAssembly
Native extension for WindowsStandalone target not found
Refreshing native plugins compatible for Editor in 0.40 ms, found 0 plugins.
Preloading 0 native plugins for Editor in 0.00 ms.
Mono: successfully reloaded assembly
- Completed reload, in  0.700 seconds
Platform modules already initialized, skipping
Refreshing native plugins compatible for Editor in 0.42 ms, found 0 plugins.
Preloading 0 native plugins for Editor in 0.00 ms.
Unloading 1592 Unused Serialized files (Serialized files now loaded: 0)
System memory in use before: 153.7 MB.
System memory in use after: 153.8 MB.

Unloading 27 unused Assets to reduce memory usage. Loaded Objects now: 2190.
Total: 1.764400 ms (FindLiveObjects: 0.141500 ms CreateObjectMapping: 0.051200 ms MarkObjects: 1.508800 ms  DeleteObjects: 0.061900 ms)

========================================================================
Received Import Request.
  Time since last request: 150.161948 seconds.
  path: Assets/Prefabs/Gargoyle.prefab
  artifactKey: Guid(33c39448a7f95fe46b6e85da51f30162) Importer(815301076,1909f56bfc062723c751e8b465ee728b)
Start importing Assets/Prefabs/Gargoyle.prefab using Guid(33c39448a7f95fe46b6e85da51f30162) Importer(815301076,1909f56bfc062723c751e8b465ee728b)  -> (artifact id: '62f1b9352be38c68544921090b2491f1') in 0.059033 seconds
  Import took 0.063881 seconds .

========================================================================
Received Prepare
Registering precompiled user dll's ...
Registered in 0.003295 seconds.
Begin MonoManager ReloadAssembly
Native extension for WindowsStandalone target not found
Refreshing native plugins compatible for Editor in 0.40 ms, found 0 plugins.
Preloading 0 native plugins for Editor in 0.00 ms.
Mono: successfully reloaded assembly
- Completed reload, in  0.691 seconds
Platform modules already initialized, skipping
Refreshing native plugins compatible for Editor in 0.41 ms, found 0 plugins.
Preloading 0 native plugins for Editor in 0.00 ms.
Unloading 1592 Unused Serialized files (Serialized files now loaded: 0)
System memory in use before: 153.8 MB.
System memory in use after: 153.8 MB.

Unloading 27 unused Assets to reduce memory usage. Loaded Objects now: 2194.
Total: 1.636700 ms (FindLiveObjects: 0.143800 ms CreateObjectMapping: 0.053100 ms MarkObjects: 1.366600 ms  DeleteObjects: 0.072700 ms)

========================================================================
Received Import Request.
  Time since last request: 43.332317 seconds.
  path: Assets/Prefabs/Gargoyle.prefab
  artifactKey: Guid(33c39448a7f95fe46b6e85da51f30162) Importer(815301076,1909f56bfc062723c751e8b465ee728b)
Start importing Assets/Prefabs/Gargoyle.prefab using Guid(33c39448a7f95fe46b6e85da51f30162) Importer(815301076,1909f56bfc062723c751e8b465ee728b)  -> (artifact id: 'd612066af3a39c735f57e820ffcd8a95') in 0.054761 seconds
  Import took 0.059289 seconds .

========================================================================
Received Prepare
Registering precompiled user dll's ...
Registered in 0.003366 seconds.
Begin MonoManager ReloadAssembly
Native extension for WindowsStandalone target not found
Refreshing native plugins compatible for Editor in 0.47 ms, found 0 plugins.
Preloading 0 native plugins for Editor in 0.00 ms.
Mono: successfully reloaded assembly
- Completed reload, in  0.708 seconds
Platform modules already initialized, skipping
Refreshing native plugins compatible for Editor in 0.42 ms, found 0 plugins.
Preloading 0 native plugins for Editor in 0.00 ms.
Unloading 1592 Unused Serialized files (Serialized files now loaded: 0)
System memory in use before: 153.8 MB.
System memory in use after: 153.9 MB.

Unloading 27 unused Assets to reduce memory usage. Loaded Objects now: 2198.
Total: 1.554800 ms (FindLiveObjects: 0.143900 ms CreateObjectMapping: 0.052500 ms MarkObjects: 1.309500 ms  DeleteObjects: 0.048300 ms)

========================================================================
Received Prepare
Registering precompiled user dll's ...
Registered in 0.002884 seconds.
Begin MonoManager ReloadAssembly
Native extension for WindowsStandalone target not found
Refreshing native plugins compatible for Editor in 0.53 ms, found 0 plugins.
Preloading 0 native plugins for Editor in 0.00 ms.
Mono: successfully reloaded assembly
- Completed reload, in  0.736 seconds
Platform modules already initialized, skipping
Refreshing native plugins compatible for Editor in 0.43 ms, found 0 plugins.
Preloading 0 native plugins for Editor in 0.00 ms.
Unloading 1592 Unused Serialized files (Serialized files now loaded: 0)
System memory in use before: 153.8 MB.
System memory in use after: 153.9 MB.

Unloading 27 unused Assets to reduce memory usage. Loaded Objects now: 2201.
Total: 1.791200 ms (FindLiveObjects: 0.200200 ms CreateObjectMapping: 0.066800 ms MarkObjects: 1.456700 ms  DeleteObjects: 0.066600 ms)

========================================================================
Received Prepare
Refreshing native plugins compatible for Editor in 6.04 ms, found 0 plugins.
Preloading 0 native plugins for Editor in 0.00 ms.
Unloading 24 Unused Serialized files (Serialized files now loaded: 0)
System memory in use before: 122.7 MB.
System memory in use after: 122.7 MB.

Unloading 24 unused Assets to reduce memory usage. Loaded Objects now: 2201.
Total: 1.621900 ms (FindLiveObjects: 0.150800 ms CreateObjectMapping: 0.054300 ms MarkObjects: 1.366600 ms  DeleteObjects: 0.049500 ms)

========================================================================
Received Prepare
Refreshing native plugins compatible for Editor in 6.10 ms, found 0 plugins.
Preloading 0 native plugins for Editor in 0.00 ms.
Unloading 24 Unused Serialized files (Serialized files now loaded: 0)
System memory in use before: 122.7 MB.
System memory in use after: 122.7 MB.

Unloading 24 unused Assets to reduce memory usage. Loaded Objects now: 2201.
Total: 1.890300 ms (FindLiveObjects: 0.182900 ms CreateObjectMapping: 0.050400 ms MarkObjects: 1.593800 ms  DeleteObjects: 0.062500 ms)

========================================================================
Received Prepare
Refreshing native plugins compatible for Editor in 6.00 ms, found 0 plugins.
Preloading 0 native plugins for Editor in 0.00 ms.
Unloading 24 Unused Serialized files (Serialized files now loaded: 0)
System memory in use before: 122.7 MB.
System memory in use after: 122.7 MB.

Unloading 24 unused Assets to reduce memory usage. Loaded Objects now: 2201.
Total: 1.584900 ms (FindLiveObjects: 0.167400 ms CreateObjectMapping: 0.054400 ms MarkObjects: 1.303600 ms  DeleteObjects: 0.059000 ms)

========================================================================
Received Prepare
Refreshing native plugins compatible for Editor in 6.34 ms, found 0 plugins.
Preloading 0 native plugins for Editor in 0.00 ms.
Unloading 24 Unused Serialized files (Serialized files now loaded: 0)
System memory in use before: 122.7 MB.
System memory in use after: 122.7 MB.

Unloading 24 unused Assets to reduce memory usage. Loaded Objects now: 2201.
Total: 2.169700 ms (FindLiveObjects: 0.169400 ms CreateObjectMapping: 0.057000 ms MarkObjects: 1.877500 ms  DeleteObjects: 0.065000 ms)

========================================================================
Received Prepare
Refreshing native plugins compatible for Editor in 6.04 ms, found 0 plugins.
Preloading 0 native plugins for Editor in 0.00 ms.
Unloading 24 Unused Serialized files (Serialized files now loaded: 0)
System memory in use before: 122.7 MB.
System memory in use after: 122.7 MB.

Unloading 24 unused Assets to reduce memory usage. Loaded Objects now: 2201.
Total: 1.573600 ms (FindLiveObjects: 0.144500 ms CreateObjectMapping: 0.049900 ms MarkObjects: 1.333800 ms  DeleteObjects: 0.044800 ms)

========================================================================
Received Prepare
Registering precompiled user dll's ...
Registered in 0.003496 seconds.
Begin MonoManager ReloadAssembly
Native extension for WindowsStandalone target not found
Refreshing native plugins compatible for Editor in 0.45 ms, found 0 plugins.
Preloading 0 native plugins for Editor in 0.00 ms.
Mono: successfully reloaded assembly
- Completed reload, in  1.131 seconds
Platform modules already initialized, skipping
Refreshing native plugins compatible for Editor in 0.47 ms, found 0 plugins.
Preloading 0 native plugins for Editor in 0.00 ms.
Unloading 1592 Unused Serialized files (Serialized files now loaded: 0)
System memory in use before: 153.8 MB.
System memory in use after: 153.9 MB.

Unloading 27 unused Assets to reduce memory usage. Loaded Objects now: 2204.
Total: 1.879300 ms (FindLiveObjects: 0.186900 ms CreateObjectMapping: 0.067400 ms MarkObjects: 1.544600 ms  DeleteObjects: 0.078800 ms)

========================================================================
Received Prepare
Refreshing native plugins compatible for Editor in 6.40 ms, found 0 plugins.
Preloading 0 native plugins for Editor in 0.00 ms.
Unloading 24 Unused Serialized files (Serialized files now loaded: 0)
System memory in use before: 122.7 MB.
System memory in use after: 122.8 MB.

Unloading 24 unused Assets to reduce memory usage. Loaded Objects now: 2204.
Total: 1.598200 ms (FindLiveObjects: 0.143700 ms CreateObjectMapping: 0.052200 ms MarkObjects: 1.356600 ms  DeleteObjects: 0.045200 ms)

========================================================================
Received Prepare
Refreshing native plugins compatible for Editor in 6.01 ms, found 0 plugins.
Preloading 0 native plugins for Editor in 0.00 ms.
Unloading 24 Unused Serialized files (Serialized files now loaded: 0)
System memory in use before: 122.7 MB.
System memory in use after: 122.8 MB.

Unloading 24 unused Assets to reduce memory usage. Loaded Objects now: 2204.
Total: 1.921000 ms (FindLiveObjects: 0.148000 ms CreateObjectMapping: 0.056100 ms MarkObjects: 1.671400 ms  DeleteObjects: 0.045000 ms)

========================================================================
Received Prepare
Refreshing native plugins compatible for Editor in 6.43 ms, found 0 plugins.
Preloading 0 native plugins for Editor in 0.00 ms.
Unloading 24 Unused Serialized files (Serialized files now loaded: 0)
System memory in use before: 122.7 MB.
System memory in use after: 122.8 MB.

Unloading 24 unused Assets to reduce memory usage. Loaded Objects now: 2204.
Total: 1.749400 ms (FindLiveObjects: 0.149600 ms CreateObjectMapping: 0.055600 ms MarkObjects: 1.463200 ms  DeleteObjects: 0.080100 ms)

========================================================================
Received Prepare
Refreshing native plugins compatible for Editor in 6.09 ms, found 0 plugins.
Preloading 0 native plugins for Editor in 0.00 ms.
Unloading 24 Unused Serialized files (Serialized files now loaded: 0)
System memory in use before: 122.7 MB.
System memory in use after: 122.8 MB.

Unloading 24 unused Assets to reduce memory usage. Loaded Objects now: 2204.
Total: 1.576700 ms (FindLiveObjects: 0.146700 ms CreateObjectMapping: 0.049000 ms MarkObjects: 1.317900 ms  DeleteObjects: 0.061900 ms)

========================================================================
Received Prepare
Refreshing native plugins compatible for Editor in 6.00 ms, found 0 plugins.
Preloading 0 native plugins for Editor in 0.00 ms.
Unloading 24 Unused Serialized files (Serialized files now loaded: 0)
System memory in use before: 122.7 MB.
System memory in use after: 122.8 MB.

Unloading 24 unused Assets to reduce memory usage. Loaded Objects now: 2204.
Total: 1.598800 ms (FindLiveObjects: 0.140700 ms CreateObjectMapping: 0.052600 ms MarkObjects: 1.357300 ms  DeleteObjects: 0.047600 ms)

========================================================================
Received Prepare
Refreshing native plugins compatible for Editor in 6.03 ms, found 0 plugins.
Preloading 0 native plugins for Editor in 0.00 ms.
Unloading 24 Unused Serialized files (Serialized files now loaded: 0)
System memory in use before: 122.7 MB.
System memory in use after: 122.8 MB.

Unloading 24 unused Assets to reduce memory usage. Loaded Objects now: 2204.
Total: 1.834200 ms (FindLiveObjects: 0.164900 ms CreateObjectMapping: 0.053800 ms MarkObjects: 1.567500 ms  DeleteObjects: 0.047400 ms)

========================================================================
Received Prepare
Refreshing native plugins compatible for Editor in 6.04 ms, found 0 plugins.
Preloading 0 native plugins for Editor in 0.00 ms.
Unloading 24 Unused Serialized files (Serialized files now loaded: 0)
System memory in use before: 122.7 MB.
System memory in use after: 122.8 MB.

Unloading 24 unused Assets to reduce memory usage. Loaded Objects now: 2204.
Total: 1.902400 ms (FindLiveObjects: 0.156500 ms CreateObjectMapping: 0.054300 ms MarkObjects: 1.639100 ms  DeleteObjects: 0.051600 ms)

========================================================================
Received Prepare
Refreshing native plugins compatible for Editor in 5.88 ms, found 0 plugins.
Preloading 0 native plugins for Editor in 0.00 ms.
Unloading 24 Unused Serialized files (Serialized files now loaded: 0)
System memory in use before: 122.7 MB.
System memory in use after: 122.8 MB.

Unloading 24 unused Assets to reduce memory usage. Loaded Objects now: 2204.
Total: 1.611800 ms (FindLiveObjects: 0.152100 ms CreateObjectMapping: 0.052900 ms MarkObjects: 1.326500 ms  DeleteObjects: 0.079700 ms)

========================================================================
Received Prepare
Refreshing native plugins compatible for Editor in 6.22 ms, found 0 plugins.
Preloading 0 native plugins for Editor in 0.00 ms.
Unloading 24 Unused Serialized files (Serialized files now loaded: 0)
System memory in use before: 122.7 MB.
System memory in use after: 122.8 MB.

Unloading 24 unused Assets to reduce memory usage. Loaded Objects now: 2204.
Total: 1.701700 ms (FindLiveObjects: 0.149700 ms CreateObjectMapping: 0.054100 ms MarkObjects: 1.442800 ms  DeleteObjects: 0.054100 ms)

========================================================================
Received Prepare
Refreshing native plugins compatible for Editor in 6.16 ms, found 0 plugins.
Preloading 0 native plugins for Editor in 0.00 ms.
Unloading 24 Unused Serialized files (Serialized files now loaded: 0)
System memory in use before: 122.7 MB.
System memory in use after: 122.8 MB.

Unloading 24 unused Assets to reduce memory usage. Loaded Objects now: 2204.
Total: 1.725100 ms (FindLiveObjects: 0.160000 ms CreateObjectMapping: 0.050700 ms MarkObjects: 1.446900 ms  DeleteObjects: 0.066800 ms)

========================================================================
Received Prepare
Refreshing native plugins compatible for Editor in 6.15 ms, found 0 plugins.
Preloading 0 native plugins for Editor in 0.00 ms.
Unloading 24 Unused Serialized files (Serialized files now loaded: 0)
System memory in use before: 122.7 MB.
System memory in use after: 122.8 MB.

Unloading 24 unused Assets to reduce memory usage. Loaded Objects now: 2204.
Total: 2.055800 ms (FindLiveObjects: 0.151200 ms CreateObjectMapping: 0.055900 ms MarkObjects: 1.760300 ms  DeleteObjects: 0.087500 ms)

AssetImportWorkerClient::OnTransportError - code=2 error=End of file
